D:\文件\编程\C++\随手编的\OPENGL\冰雪奇缘\冰雪奇缘\DEBUG\MAIN.OBJ
D:\文件\编程\C++\随手编的\OPENGL\冰雪奇缘\冰雪奇缘\DEBUG\VC110.PDB
D:\文件\编程\C++\随手编的\OPENGL\冰雪奇缘\DEBUG\冰雪奇缘.ILK
D:\文件\编程\C++\随手编的\OPENGL\冰雪奇缘\DEBUG\冰雪奇缘.EXE
D:\文件\编程\C++\随手编的\OPENGL\冰雪奇缘\DEBUG\冰雪奇缘.PDB
D:\文件\编程\C++\随手编的\OPENGL\冰雪奇缘\冰雪奇缘\Debug\cl.command.1.tlog
D:\文件\编程\C++\随手编的\OPENGL\冰雪奇缘\冰雪奇缘\Debug\CL.read.1.tlog
D:\文件\编程\C++\随手编的\OPENGL\冰雪奇缘\冰雪奇缘\Debug\CL.write.1.tlog
D:\文件\编程\C++\随手编的\OPENGL\冰雪奇缘\冰雪奇缘\Debug\link-cvtres.read.1.tlog
D:\文件\编程\C++\随手编的\OPENGL\冰雪奇缘\冰雪奇缘\Debug\link-cvtres.write.1.tlog
D:\文件\编程\C++\随手编的\OPENGL\冰雪奇缘\冰雪奇缘\Debug\link-rc.read.1.tlog
D:\文件\编程\C++\随手编的\OPENGL\冰雪奇缘\冰雪奇缘\Debug\link-rc.write.1.tlog
D:\文件\编程\C++\随手编的\OPENGL\冰雪奇缘\冰雪奇缘\Debug\link.1068-cvtres.read.1.tlog
D:\文件\编程\C++\随手编的\OPENGL\冰雪奇缘\冰雪奇缘\Debug\link.1068-cvtres.write.1.tlog
D:\文件\编程\C++\随手编的\OPENGL\冰雪奇缘\冰雪奇缘\Debug\link.1068-rc.read.1.tlog
D:\文件\编程\C++\随手编的\OPENGL\冰雪奇缘\冰雪奇缘\Debug\link.1068-rc.write.1.tlog
D:\文件\编程\C++\随手编的\OPENGL\冰雪奇缘\冰雪奇缘\Debug\link.1068.read.1.tlog
D:\文件\编程\C++\随手编的\OPENGL\冰雪奇缘\冰雪奇缘\Debug\link.1068.write.1.tlog
D:\文件\编程\C++\随手编的\OPENGL\冰雪奇缘\冰雪奇缘\Debug\link.5284-cvtres.read.1.tlog
D:\文件\编程\C++\随手编的\OPENGL\冰雪奇缘\冰雪奇缘\Debug\link.5284-cvtres.write.1.tlog
D:\文件\编程\C++\随手编的\OPENGL\冰雪奇缘\冰雪奇缘\Debug\link.5284-rc.read.1.tlog
D:\文件\编程\C++\随手编的\OPENGL\冰雪奇缘\冰雪奇缘\Debug\link.5284-rc.write.1.tlog
D:\文件\编程\C++\随手编的\OPENGL\冰雪奇缘\冰雪奇缘\Debug\link.5284.read.1.tlog
D:\文件\编程\C++\随手编的\OPENGL\冰雪奇缘\冰雪奇缘\Debug\link.5284.write.1.tlog
D:\文件\编程\C++\随手编的\OPENGL\冰雪奇缘\冰雪奇缘\Debug\link.6580-cvtres.read.1.tlog
D:\文件\编程\C++\随手编的\OPENGL\冰雪奇缘\冰雪奇缘\Debug\link.6580-cvtres.write.1.tlog
D:\文件\编程\C++\随手编的\OPENGL\冰雪奇缘\冰雪奇缘\Debug\link.6580-rc.read.1.tlog
D:\文件\编程\C++\随手编的\OPENGL\冰雪奇缘\冰雪奇缘\Debug\link.6580-rc.write.1.tlog
D:\文件\编程\C++\随手编的\OPENGL\冰雪奇缘\冰雪奇缘\Debug\link.6580.read.1.tlog
D:\文件\编程\C++\随手编的\OPENGL\冰雪奇缘\冰雪奇缘\Debug\link.6580.write.1.tlog
D:\文件\编程\C++\随手编的\OPENGL\冰雪奇缘\冰雪奇缘\Debug\link.command.1.tlog
D:\文件\编程\C++\随手编的\OPENGL\冰雪奇缘\冰雪奇缘\Debug\link.read.1.tlog
D:\文件\编程\C++\随手编的\OPENGL\冰雪奇缘\冰雪奇缘\Debug\link.write.1.tlog
D:\文件\编程\C++\随手编的\OPENGL\冰雪奇缘\冰雪奇缘\Debug\vc110.idb
D:\文件\编程\C++\随手编的\OPENGL\冰雪奇缘\冰雪奇缘\Debug\vc110.pdb
D:\文件\编程\C++\随手编的\OPENGL\冰雪奇缘\Debug\冰雪奇缘.pdb
D:\文件\编程\C++\随手编的\OPENGL\冰雪奇缘\Debug\冰雪奇缘.exe
D:\文件\编程\C++\随手编的\OPENGL\冰雪奇缘\Debug\冰雪奇缘.ilk
